<?xml version="1.0" encoding="UTF-8"?>
<testng-results ignored="0" total="2" passed="2" failed="0" skipped="0">
  <reporter-output>
    <line>
      <![CDATA[<div class="test-event"> <font color="maroon"> <small> &emsp; &emsp;--- 24 Jan 15:54:22 113 - TestCaseID:: TC101</small> </font> </div>]]>
    </line>
    <line>
      <![CDATA[<div class="test-event"> <font color="maroon"> <small> &emsp; &emsp;--- 24 Jan 15:54:22 158 - TestCaseID:: TC102</small> </font> </div>]]>
    </line>
    <line>
      <![CDATA[<div class="test-event"> <font color="maroon"> <small> &emsp; &emsp;--- 24 Jan 15:54:36 927 - <b>16</b> - Driver::initialize::Get - com.OrangeHRM.utils.WebDriverFactory.getDriver(WebDriverFactory.java:756)</small> </font> </div>]]>
    </line>
    <line>
      <![CDATA[<div class="test-event"> <font color="maroon"> <small> &emsp; &emsp;--- 24 Jan 15:54:36 943 - WebDriver session: ChromeDriver: chrome on windows (d0b82a78e69a0ba52cfe404167225df6)</small> </font> </div>]]>
    </line>
    <line>
      <![CDATA[&emsp;<div class="test-title"> <strong><font size = "3" color = "#000080">Create a System User(Admin)</font> </strong> </div>&emsp;<div><strong>Steps:</strong></div><!-- Report -->&emsp;]]>
    </line>
    <line>
      <![CDATA[<div class="test-event"> <font color="maroon"> <small> &emsp; &emsp;--- 24 Jan 15:54:37 025 - Fetching test data from excel sheet</small> </font> </div>]]>
    </line>
    <line>
      <![CDATA[<div class="test-event"> <font color="maroon"> <small> &emsp; &emsp;--- 24 Jan 15:54:37 161 - <b>16</b> - Driver::initialize::Get - com.OrangeHRM.utils.WebDriverFactory.getDriver(WebDriverFactory.java:756)</small> </font> </div>]]>
    </line>
    <line>
      <![CDATA[<div class="test-event"> <font color="maroon"> <small> &emsp; &emsp;--- 24 Jan 15:54:37 163 - WebDriver session: ChromeDriver: chrome on windows (09f761342cf664b7d51ef8e423be1f43)</small> </font> </div>]]>
    </line>
    <line>
      <![CDATA[&emsp;<div class="test-title"> <strong><font size = "3" color = "#000080">Verify and Delete user(Admin)</font> </strong> </div>&emsp;<div><strong>Steps:</strong></div><!-- Report -->&emsp;]]>
    </line>
    <line>
      <![CDATA[<div class="test-event"> <font color="maroon"> <small> &emsp; &emsp;--- 24 Jan 15:54:37 167 - Fetching test data from excel sheet</small> </font> </div>]]>
    </line>
    <line>
      <![CDATA[<div class="test-event"> <font color="maroon"> <small> &emsp; &emsp;--- 24 Jan 15:54:51 901 - Entered value Admin in Username field</small> </font> </div>]]>
    </line>
    <line>
      <![CDATA[<div class="test-event"> <font color="maroon"> <small> &emsp; &emsp;--- 24 Jan 15:54:52 323 - Entered value admin123 in Password field</small> </font> </div>]]>
    </line>
    <line>
      <![CDATA[<div class="test-event"> <font color="maroon"> <small> &emsp; &emsp;--- 24 Jan 15:54:52 358 - Webelement dimension: (419, 46)</small> </font> </div>]]>
    </line>
    <line>
      <![CDATA[<div class="test-event"> <font color="maroon"> <small> &emsp; &emsp;--- 24 Jan 15:54:54 589 - Clicked on Login button</small> </font> </div>]]>
    </line>
    <line>
      <![CDATA[<div class="test-event"> <font color="maroon"> <small> &emsp; &emsp;--- 24 Jan 15:54:54 702 - Entered value Admin in Username field</small> </font> </div>]]>
    </line>
    <line>
      <![CDATA[<div class="test-message">&emsp;Login to Application&emsp;<a href=".\ScreenShot\TC101_1.png" target="_blank" >[ScreenShot]</a></div>]]>
    </line>
    <line>
      <![CDATA[<div class="test-event"> <font color="maroon"> <small> &emsp; &emsp;--- 24 Jan 15:54:55 387 - Page URL:: https://opensource-demo.orangehrmlive.com/web/index.php/dashboard/index</small> </font> </div>]]>
    </line>
    <line>
      <![CDATA[<div class="test-event"> <font color="maroon"> <small> &emsp; &emsp;--- 24 Jan 15:54:55 387 - <b>0</b> - Page Load Wait: (Sync) - com.OrangeHRM.utils.WaitUtils.waitForPageLoad(WaitUtils.java:50)</small> </font> </div>]]>
    </line>
    <line>
      <![CDATA[<div class="test-event"> <font color="maroon"> <small> &emsp; &emsp;--- 24 Jan 15:54:55 464 - [[ChromeDriver: chrome on windows (d0b82a78e69a0ba52cfe404167225df6)] -> css selector: p[class*='orangehrm-copyright']] displayed</small> </font> </div>]]>
    </line>
    <line>
      <![CDATA[<div class="test-event"> <font color="maroon"> <small> &emsp; &emsp;--- 24 Jan 15:54:55 535 - [[ChromeDriver: chrome on windows (d0b82a78e69a0ba52cfe404167225df6)] -> css selector: span[class*='oxd-main-menu-item--name']] displayed</small> </font> </div>]]>
    </line>
    <line>
      <![CDATA[<div class="test-event"> <font color="maroon"> <small> &emsp; &emsp;--- 24 Jan 15:54:55 862 - PIM Element displayed</small> </font> </div>]]>
    </line>
    <line>
      <![CDATA[<div class="test-event"> <font color="maroon"> <small> &emsp; &emsp;--- 24 Jan 15:54:55 895 - Webelement dimension: (39, 19)</small> </font> </div>]]>
    </line>
    <line>
      <![CDATA[<div class="test-event"> <font color="maroon"> <small> &emsp; &emsp;--- 24 Jan 15:54:56 046 - Entered value admin123 in Password field</small> </font> </div>]]>
    </line>
    <line>
      <![CDATA[<div class="test-event"> <font color="maroon"> <small> &emsp; &emsp;--- 24 Jan 15:54:56 105 - Webelement dimension: (419, 46)</small> </font> </div>]]>
    </line>
    <line>
      <![CDATA[<div class="test-event"> <font color="maroon"> <small> &emsp; &emsp;--- 24 Jan 15:54:58 502 - Clicked on Login button</small> </font> </div>]]>
    </line>
    <line>
      <![CDATA[<div class="test-message">&emsp;Login to Application&emsp;<a href=".\ScreenShot\TC102_2.png" target="_blank" >[ScreenShot]</a></div>]]>
    </line>
    <line>
      <![CDATA[<div class="test-event"> <font color="maroon"> <small> &emsp; &emsp;--- 24 Jan 15:55:00 867 - Page URL:: https://opensource-demo.orangehrmlive.com/web/index.php/dashboard/index</small> </font> </div>]]>
    </line>
    <line>
      <![CDATA[<div class="test-event"> <font color="maroon"> <small> &emsp; &emsp;--- 24 Jan 15:55:00 867 - <b>0</b> - Page Load Wait: (Sync) - com.OrangeHRM.utils.WaitUtils.waitForPageLoad(WaitUtils.java:50)</small> </font> </div>]]>
    </line>
    <line>
      <![CDATA[<div class="test-event"> <font color="maroon"> <small> &emsp; &emsp;--- 24 Jan 15:55:01 180 - [[ChromeDriver: chrome on windows (09f761342cf664b7d51ef8e423be1f43)] -> css selector: p[class*='orangehrm-copyright']] displayed</small> </font> </div>]]>
    </line>
    <line>
      <![CDATA[<div class="test-event"> <font color="maroon"> <small> &emsp; &emsp;--- 24 Jan 15:55:01 274 - [[ChromeDriver: chrome on windows (09f761342cf664b7d51ef8e423be1f43)] -> css selector: span[class*='oxd-main-menu-item--name']] displayed</small> </font> </div>]]>
    </line>
    <line>
      <![CDATA[<div class="test-event"> <font color="maroon"> <small> &emsp; &emsp;--- 24 Jan 15:55:01 362 - PIM Element displayed</small> </font> </div>]]>
    </line>
    <line>
      <![CDATA[<div class="test-event"> <font color="maroon"> <small> &emsp; &emsp;--- 24 Jan 15:55:01 416 - Webelement dimension: (39, 19)</small> </font> </div>]]>
    </line>
    <line>
      <![CDATA[<div class="test-event"> <font color="maroon"> <small> &emsp; &emsp;--- 24 Jan 15:55:02 970 - Clicked on PIM</small> </font> </div>]]>
    </line>
    <line>
      <![CDATA[<div class="test-message">&emsp;Main menu : PIM selected&emsp;<a href=".\ScreenShot\TC101_3.png" target="_blank" >[ScreenShot]</a></div>]]>
    </line>
    <line>
      <![CDATA[<div class="test-event"> <font color="maroon"> <small> &emsp; &emsp;--- 24 Jan 15:55:03 195 - Clicked on PIM</small> </font> </div>]]>
    </line>
    <line>
      <![CDATA[<div class="test-event"> <font color="maroon"> <small> &emsp; &emsp;--- 24 Jan 15:55:03 243 - Page URL:: https://opensource-demo.orangehrmlive.com/web/index.php/pim/viewemployeelist</small> </font> </div>]]>
    </line>
    <line>
      <![CDATA[<div class="test-event"> <font color="maroon"> <small> &emsp; &emsp;--- 24 Jan 15:55:03 244 - <b>0</b> - Page Load Wait: (Sync) - com.OrangeHRM.utils.WaitUtils.waitForPageLoad(WaitUtils.java:50)</small> </font> </div>]]>
    </line>
    <line>
      <![CDATA[<div class="test-event"> <font color="maroon"> <small> &emsp; &emsp;--- 24 Jan 15:55:03 722 - [[ChromeDriver: chrome on windows (d0b82a78e69a0ba52cfe404167225df6)] -> css selector: h6[class*='oxd-topbar-header']] displayed</small> </font> </div>]]>
    </line>
    <line>
      <![CDATA[<div class="test-message">&emsp;Main menu : PIM selected&emsp;<a href=".\ScreenShot\TC102_4.png" target="_blank" >[ScreenShot]</a></div>]]>
    </line>
    <line>
      <![CDATA[<div class="test-event"> <font color="maroon"> <small> &emsp; &emsp;--- 24 Jan 15:55:03 772 - Webelement dimension: (109, 31)</small> </font> </div>]]>
    </line>
    <line>
      <![CDATA[<div class="test-event"> <font color="maroon"> <small> &emsp; &emsp;--- 24 Jan 15:55:03 815 - Page URL:: https://opensource-demo.orangehrmlive.com/web/index.php/pim/viewemployeelist</small> </font> </div>]]>
    </line>
    <line>
      <![CDATA[<div class="test-event"> <font color="maroon"> <small> &emsp; &emsp;--- 24 Jan 15:55:03 816 - <b>0</b> - Page Load Wait: (Sync) - com.OrangeHRM.utils.WaitUtils.waitForPageLoad(WaitUtils.java:50)</small> </font> </div>]]>
    </line>
    <line>
      <![CDATA[<div class="test-event"> <font color="maroon"> <small> &emsp; &emsp;--- 24 Jan 15:55:03 868 - [[ChromeDriver: chrome on windows (09f761342cf664b7d51ef8e423be1f43)] -> css selector: h6[class*='oxd-topbar-header']] displayed</small> </font> </div>]]>
    </line>
    <line>
      <![CDATA[<div class="test-event"> <font color="maroon"> <small> &emsp; &emsp;--- 24 Jan 15:55:04 090 - Webelement dimension: (109, 30)</small> </font> </div>]]>
    </line>
    <line>
      <![CDATA[<div class="test-event"> <font color="maroon"> <small> &emsp; &emsp;--- 24 Jan 15:55:05 055 - Clicked on Add button</small> </font> </div>]]>
    </line>
    <line>
      <![CDATA[<div class="test-event"> <font color="maroon"> <small> &emsp; &emsp;--- 24 Jan 15:55:05 328 - Clicked on Add button</small> </font> </div>]]>
    </line>
    <line>
      <![CDATA[<div class="test-event"> <font color="maroon"> <small> &emsp; &emsp;--- 24 Jan 15:55:06 119 - Entered value Dia in FirstName</small> </font> </div>]]>
    </line>
    <line>
      <![CDATA[<div class="test-event"> <font color="maroon"> <small> &emsp; &emsp;--- 24 Jan 15:55:06 498 - Entered value Dave in FirstName</small> </font> </div>]]>
    </line>
    <line>
      <![CDATA[<div class="test-event"> <font color="maroon"> <small> &emsp; &emsp;--- 24 Jan 15:55:06 728 - Entered value Zieme in LastName</small> </font> </div>]]>
    </line>
    <line>
      <![CDATA[<div class="test-event"> <font color="maroon"> <small> &emsp; &emsp;--- 24 Jan 15:55:07 550 - Entered value 17 in Employeee Id</small> </font> </div>]]>
    </line>
    <line>
      <![CDATA[<div class="test-event"> <font color="maroon"> <small> &emsp; &emsp;--- 24 Jan 15:55:07 616 - Webelement dimension: (100, 31)</small> </font> </div>]]>
    </line>
    <line>
      <![CDATA[<div class="test-event"> <font color="maroon"> <small> &emsp; &emsp;--- 24 Jan 15:55:07 744 - Clicked on Save button</small> </font> </div>]]>
    </line>
    <line>
      <![CDATA[<div class="test-event"> <font color="maroon"> <small> &emsp; &emsp;--- 24 Jan 15:55:07 828 - Entered value Homenick in LastName</small> </font> </div>]]>
    </line>
    <line>
      <![CDATA[<div class="test-event"> <font color="maroon"> <small> &emsp; &emsp;--- 24 Jan 15:55:08 522 - Entered value 7 in Employeee Id</small> </font> </div>]]>
    </line>
    <line>
      <![CDATA[<div class="test-event"> <font color="maroon"> <small> &emsp; &emsp;--- 24 Jan 15:55:08 567 - Webelement dimension: (100, 31)</small> </font> </div>]]>
    </line>
    <line>
      <![CDATA[<div class="test-event"> <font color="maroon"> <small> &emsp; &emsp;--- 24 Jan 15:55:08 682 - Clicked on Save button</small> </font> </div>]]>
    </line>
    <line>
      <![CDATA[<div class="test-event"> <font color="maroon"> <small> &emsp; &emsp;--- 24 Jan 15:55:08 828 - [[ChromeDriver: chrome on windows (d0b82a78e69a0ba52cfe404167225df6)] -> css selector: div[class*='oxd-toast--success']] displayed</small> </font> </div>]]>
    </line>
    <line>
      <![CDATA[<div class="test-event"> <font color="maroon"> <small> &emsp; &emsp;--- 24 Jan 15:55:08 872 - [[ChromeDriver: chrome on windows (d0b82a78e69a0ba52cfe404167225df6)] -> css selector: span[class*='oxd-main-menu-item--name']] displayed</small> </font> </div>]]>
    </line>
    <line>
      <![CDATA[<div class="test-event"> <font color="maroon"> <small> &emsp; &emsp;--- 24 Jan 15:55:08 915 - Admin Element displayed</small> </font> </div>]]>
    </line>
    <line>
      <![CDATA[<div class="test-event"> <font color="maroon"> <small> &emsp; &emsp;--- 24 Jan 15:55:08 951 - Webelement dimension: (56, 19)</small> </font> </div>]]>
    </line>
    <line>
      <![CDATA[<div class="test-event"> <font color="maroon"> <small> &emsp; &emsp;--- 24 Jan 15:55:09 502 - [[ChromeDriver: chrome on windows (09f761342cf664b7d51ef8e423be1f43)] -> css selector: div[class*='oxd-toast--success']] displayed</small> </font> </div>]]>
    </line>
    <line>
      <![CDATA[<div class="test-event"> <font color="maroon"> <small> &emsp; &emsp;--- 24 Jan 15:55:09 580 - [[ChromeDriver: chrome on windows (09f761342cf664b7d51ef8e423be1f43)] -> css selector: span[class*='oxd-main-menu-item--name']] displayed</small> </font> </div>]]>
    </line>
    <line>
      <![CDATA[<div class="test-event"> <font color="maroon"> <small> &emsp; &emsp;--- 24 Jan 15:55:09 666 - Admin Element displayed</small> </font> </div>]]>
    </line>
    <line>
      <![CDATA[<div class="test-event"> <font color="maroon"> <small> &emsp; &emsp;--- 24 Jan 15:55:09 728 - Webelement dimension: (56, 19)</small> </font> </div>]]>
    </line>
    <line>
      <![CDATA[<div class="test-event"> <font color="maroon"> <small> &emsp; &emsp;--- 24 Jan 15:55:10 064 - Clicked on Admin</small> </font> </div>]]>
    </line>
    <line>
      <![CDATA[<div class="test-message">&emsp;Main menu : Admin selected&emsp;<a href=".\ScreenShot\TC101_5.png" target="_blank" >[ScreenShot]</a></div>]]>
    </line>
    <line>
      <![CDATA[<div class="test-event"> <font color="maroon"> <small> &emsp; &emsp;--- 24 Jan 15:55:10 302 - Page URL:: https://opensource-demo.orangehrmlive.com/web/index.php/admin/viewsystemusers</small> </font> </div>]]>
    </line>
    <line>
      <![CDATA[<div class="test-event"> <font color="maroon"> <small> &emsp; &emsp;--- 24 Jan 15:55:10 303 - <b>0</b> - Page Load Wait: (Sync) - com.OrangeHRM.utils.WaitUtils.waitForPageLoad(WaitUtils.java:50)</small> </font> </div>]]>
    </line>
    <line>
      <![CDATA[<div class="test-event"> <font color="maroon"> <small> &emsp; &emsp;--- 24 Jan 15:55:10 855 - [[ChromeDriver: chrome on windows (d0b82a78e69a0ba52cfe404167225df6)] -> css selector: h5[class*='oxd-table-filter-title']] displayed</small> </font> </div>]]>
    </line>
    <line>
      <![CDATA[<div class="test-event"> <font color="maroon"> <small> &emsp; &emsp;--- 24 Jan 15:55:10 891 - Clicked on Admin</small> </font> </div>]]>
    </line>
    <line>
      <![CDATA[<div class="test-event"> <font color="maroon"> <small> &emsp; &emsp;--- 24 Jan 15:55:10 917 - Webelement dimension: (109, 31)</small> </font> </div>]]>
    </line>
    <line>
      <![CDATA[<div class="test-message">&emsp;Main menu : Admin selected&emsp;<a href=".\ScreenShot\TC102_6.png" target="_blank" >[ScreenShot]</a></div>]]>
    </line>
    <line>
      <![CDATA[<div class="test-event"> <font color="maroon"> <small> &emsp; &emsp;--- 24 Jan 15:55:11 135 - Page URL:: https://opensource-demo.orangehrmlive.com/web/index.php/admin/viewsystemusers</small> </font> </div>]]>
    </line>
    <line>
      <![CDATA[<div class="test-event"> <font color="maroon"> <small> &emsp; &emsp;--- 24 Jan 15:55:11 135 - <b>0</b> - Page Load Wait: (Sync) - com.OrangeHRM.utils.WaitUtils.waitForPageLoad(WaitUtils.java:50)</small> </font> </div>]]>
    </line>
    <line>
      <![CDATA[<div class="test-event"> <font color="maroon"> <small> &emsp; &emsp;--- 24 Jan 15:55:11 508 - Clicked on Add button</small> </font> </div>]]>
    </line>
    <line>
      <![CDATA[<div class="test-event"> <font color="maroon"> <small> &emsp; &emsp;--- 24 Jan 15:55:11 572 - [[ChromeDriver: chrome on windows (09f761342cf664b7d51ef8e423be1f43)] -> css selector: h5[class*='oxd-table-filter-title']] displayed</small> </font> </div>]]>
    </line>
    <line>
      <![CDATA[<div class="test-event"> <font color="maroon"> <small> &emsp; &emsp;--- 24 Jan 15:55:11 606 - Webelement dimension: (109, 30)</small> </font> </div>]]>
    </line>
    <line>
      <![CDATA[<div class="test-event"> <font color="maroon"> <small> &emsp; &emsp;--- 24 Jan 15:55:12 124 - User Role Element displayed</small> </font> </div>]]>
    </line>
    <line>
      <![CDATA[<div class="test-event"> <font color="maroon"> <small> &emsp; &emsp;--- 24 Jan 15:55:12 179 - Webelement dimension: (421, 45)</small> </font> </div>]]>
    </line>
    <line>
      <![CDATA[<div class="test-event"> <font color="maroon"> <small> &emsp; &emsp;--- 24 Jan 15:55:12 227 - Clicked on Add button</small> </font> </div>]]>
    </line>
    <line>
      <![CDATA[<div class="test-event"> <font color="maroon"> <small> &emsp; &emsp;--- 24 Jan 15:55:12 268 - Clicked on User Role</small> </font> </div>]]>
    </line>
    <line>
      <![CDATA[<div class="test-event"> <font color="maroon"> <small> &emsp; &emsp;--- 24 Jan 15:55:12 329 - Options elements displayed: 2</small> </font> </div>]]>
    </line>
    <line>
      <![CDATA[<div class="test-event"> <font color="maroon"> <small> &emsp; &emsp;--- 24 Jan 15:55:12 364 - Options elements displayed size: 2</small> </font> </div>]]>
    </line>
    <line>
      <![CDATA[<div class="test-event"> <font color="maroon"> <small> &emsp; &emsp;--- 24 Jan 15:55:12 412 - Webelement dimension: (22, 16)</small> </font> </div>]]>
    </line>
    <line>
      <![CDATA[<div class="test-event"> <font color="maroon"> <small> &emsp; &emsp;--- 24 Jan 15:55:12 501 - Clicked on ESS</small> </font> </div>]]>
    </line>
    <line>
      <![CDATA[<div class="test-message">&emsp;User Role: ESS selected&emsp;<a href=".\ScreenShot\TC101_7.png" target="_blank" >[ScreenShot]</a></div>]]>
    </line>
    <line>
      <![CDATA[<div class="test-event"> <font color="maroon"> <small> &emsp; &emsp;--- 24 Jan 15:55:12 842 - User Role Element displayed</small> </font> </div>]]>
    </line>
    <line>
      <![CDATA[<div class="test-event"> <font color="maroon"> <small> &emsp; &emsp;--- 24 Jan 15:55:12 870 - Webelement dimension: (421, 45)</small> </font> </div>]]>
    </line>
    <line>
      <![CDATA[<div class="test-event"> <font color="maroon"> <small> &emsp; &emsp;--- 24 Jan 15:55:12 922 - Clicked on User Role</small> </font> </div>]]>
    </line>
    <line>
      <![CDATA[<div class="test-message">&emsp;User Role: ESS selected&emsp;<a href=".\ScreenShot\TC101_8.png" target="_blank" >[ScreenShot]</a></div>]]>
    </line>
    <line>
      <![CDATA[<div class="test-event"> <font color="maroon"> <small> &emsp; &emsp;--- 24 Jan 15:55:12 993 - Options elements displayed: 2</small> </font> </div>]]>
    </line>
    <line>
      <![CDATA[<div class="test-event"> <font color="maroon"> <small> &emsp; &emsp;--- 24 Jan 15:55:13 032 - Options elements displayed size: 2</small> </font> </div>]]>
    </line>
    <line>
      <![CDATA[<div class="test-event"> <font color="maroon"> <small> &emsp; &emsp;--- 24 Jan 15:55:13 074 - Webelement dimension: (36, 16)</small> </font> </div>]]>
    </line>
    <line>
      <![CDATA[<div class="test-event"> <font color="maroon"> <small> &emsp; &emsp;--- 24 Jan 15:55:13 166 - Clicked on Admin</small> </font> </div>]]>
    </line>
    <line>
      <![CDATA[<div class="test-message">&emsp;User Role: Admin selected&emsp;<a href=".\ScreenShot\TC102_9.png" target="_blank" >[ScreenShot]</a></div>]]>
    </line>
    <line>
      <![CDATA[<div class="test-message">&emsp;User Role: Admin selected&emsp;<a href=".\ScreenShot\TC102_10.png" target="_blank" >[ScreenShot]</a></div>]]>
    </line>
    <line>
      <![CDATA[<div class="test-event"> <font color="maroon"> <small> &emsp; &emsp;--- 24 Jan 15:55:17 707 - Options Element displayed</small> </font> </div>]]>
    </line>
    <line>
      <![CDATA[<div class="test-event"> <font color="maroon"> <small> &emsp; &emsp;--- 24 Jan 15:55:17 729 - Webelement dimension: (412, 35)</small> </font> </div>]]>
    </line>
    <line>
      <![CDATA[<div class="test-event"> <font color="maroon"> <small> &emsp; &emsp;--- 24 Jan 15:55:17 777 - Clicked on Option field</small> </font> </div>]]>
    </line>
    <line>
      <![CDATA[<div class="test-message">&emsp;Employee Name: Dia Zieme selected&emsp;<a href=".\ScreenShot\TC101_11.png" target="_blank" >[ScreenShot]</a></div>]]>
    </line>
    <line>
      <![CDATA[<div class="test-event"> <font color="maroon"> <small> &emsp; &emsp;--- 24 Jan 15:55:18 069 - Status Element displayed</small> </font> </div>]]>
    </line>
    <line>
      <![CDATA[<div class="test-event"> <font color="maroon"> <small> &emsp; &emsp;--- 24 Jan 15:55:18 091 - Webelement dimension: (421, 45)</small> </font> </div>]]>
    </line>
    <line>
      <![CDATA[<div class="test-event"> <font color="maroon"> <small> &emsp; &emsp;--- 24 Jan 15:55:18 137 - Clicked on Status</small> </font> </div>]]>
    </line>
    <line>
      <![CDATA[<div class="test-event"> <font color="maroon"> <small> &emsp; &emsp;--- 24 Jan 15:55:18 164 - Options elements displayed: 2</small> </font> </div>]]>
    </line>
    <line>
      <![CDATA[<div class="test-event"> <font color="maroon"> <small> &emsp; &emsp;--- 24 Jan 15:55:18 186 - Options elements displayed size: 2</small> </font> </div>]]>
    </line>
    <line>
      <![CDATA[<div class="test-event"> <font color="maroon"> <small> &emsp; &emsp;--- 24 Jan 15:55:18 238 - Webelement dimension: (43, 16)</small> </font> </div>]]>
    </line>
    <line>
      <![CDATA[<div class="test-event"> <font color="maroon"> <small> &emsp; &emsp;--- 24 Jan 15:55:18 292 - Clicked on Enabled</small> </font> </div>]]>
    </line>
    <line>
      <![CDATA[<div class="test-event"> <font color="maroon"> <small> &emsp; &emsp;--- 24 Jan 15:55:18 405 - Options Element displayed</small> </font> </div>]]>
    </line>
    <line>
      <![CDATA[<div class="test-event"> <font color="maroon"> <small> &emsp; &emsp;--- 24 Jan 15:55:18 426 - Webelement dimension: (412, 35)</small> </font> </div>]]>
    </line>
    <line>
      <![CDATA[<div class="test-event"> <font color="maroon"> <small> &emsp; &emsp;--- 24 Jan 15:55:18 487 - Clicked on Option field</small> </font> </div>]]>
    </line>
    <line>
      <![CDATA[<div class="test-message">&emsp;Status: Enabled selected&emsp;<a href=".\ScreenShot\TC101_12.png" target="_blank" >[ScreenShot]</a></div>]]>
    </line>
    <line>
      <![CDATA[<div class="test-message">&emsp;Employee Name: Dave Homenick selected&emsp;<a href=".\ScreenShot\TC102_13.png" target="_blank" >[ScreenShot]</a></div>]]>
    </line>
    <line>
      <![CDATA[<div class="test-message">&emsp;Status: Enabled selected&emsp;<a href=".\ScreenShot\TC101_14.png" target="_blank" >[ScreenShot]</a></div>]]>
    </line>
    <line>
      <![CDATA[<div class="test-event"> <font color="maroon"> <small> &emsp; &emsp;--- 24 Jan 15:55:18 826 - Status Element displayed</small> </font> </div>]]>
    </line>
    <line>
      <![CDATA[<div class="test-event"> <font color="maroon"> <small> &emsp; &emsp;--- 24 Jan 15:55:18 847 - Username Element displayed</small> </font> </div>]]>
    </line>
    <line>
      <![CDATA[<div class="test-event"> <font color="maroon"> <small> &emsp; &emsp;--- 24 Jan 15:55:18 859 - Webelement dimension: (421, 45)</small> </font> </div>]]>
    </line>
    <line>
      <![CDATA[<div class="test-event"> <font color="maroon"> <small> &emsp; &emsp;--- 24 Jan 15:55:18 931 - Clicked on Status</small> </font> </div>]]>
    </line>
    <line>
      <![CDATA[<div class="test-event"> <font color="maroon"> <small> &emsp; &emsp;--- 24 Jan 15:55:18 977 - Options elements displayed: 2</small> </font> </div>]]>
    </line>
    <line>
      <![CDATA[<div class="test-event"> <font color="maroon"> <small> &emsp; &emsp;--- 24 Jan 15:55:19 087 - Options elements displayed size: 2</small> </font> </div>]]>
    </line>
    <line>
      <![CDATA[<div class="test-event"> <font color="maroon"> <small> &emsp; &emsp;--- 24 Jan 15:55:19 155 - Webelement dimension: (43, 16)</small> </font> </div>]]>
    </line>
    <line>
      <![CDATA[<div class="test-event"> <font color="maroon"> <small> &emsp; &emsp;--- 24 Jan 15:55:19 238 - Clicked on Enabled</small> </font> </div>]]>
    </line>
    <line>
      <![CDATA[<div class="test-event"> <font color="maroon"> <small> &emsp; &emsp;--- 24 Jan 15:55:19 410 - Entered value merrill.lemke in Username</small> </font> </div>]]>
    </line>
    <line>
      <![CDATA[<div class="test-message">&emsp;Status: Enabled selected&emsp;<a href=".\ScreenShot\TC102_15.png" target="_blank" >[ScreenShot]</a></div>]]>
    </line>
    <line>
      <![CDATA[<div class="test-message">&emsp;Username: merrill.lemke selected&emsp;<a href=".\ScreenShot\TC101_16.png" target="_blank" >[ScreenShot]</a></div>]]>
    </line>
    <line>
      <![CDATA[<div class="test-event"> <font color="maroon"> <small> &emsp; &emsp;--- 24 Jan 15:55:19 726 - Password Element displayed</small> </font> </div>]]>
    </line>
    <line>
      <![CDATA[<div class="test-message">&emsp;Status: Enabled selected&emsp;<a href=".\ScreenShot\TC102_17.png" target="_blank" >[ScreenShot]</a></div>]]>
    </line>
    <line>
      <![CDATA[<div class="test-event"> <font color="maroon"> <small> &emsp; &emsp;--- 24 Jan 15:55:20 048 - Username Element displayed</small> </font> </div>]]>
    </line>
    <line>
      <![CDATA[<div class="test-event"> <font color="maroon"> <small> &emsp; &emsp;--- 24 Jan 15:55:20 216 - Entered value gw97iwyjh in Password</small> </font> </div>]]>
    </line>
    <line>
      <![CDATA[<div class="test-event"> <font color="maroon"> <small> &emsp; &emsp;--- 24 Jan 15:55:20 625 - Entered value julian.vonrueden in Username</small> </font> </div>]]>
    </line>
    <line>
      <![CDATA[<div class="test-message">&emsp;Password: gw97iwyjh selected&emsp;<a href=".\ScreenShot\TC101_18.png" target="_blank" >[ScreenShot]</a></div>]]>
    </line>
    <line>
      <![CDATA[<div class="test-event"> <font color="maroon"> <small> &emsp; &emsp;--- 24 Jan 15:55:20 736 - Confirm Password Element displayed</small> </font> </div>]]>
    </line>
    <line>
      <![CDATA[<div class="test-message">&emsp;Username: julian.vonrueden selected&emsp;<a href=".\ScreenShot\TC102_19.png" target="_blank" >[ScreenShot]</a></div>]]>
    </line>
    <line>
      <![CDATA[<div class="test-event"> <font color="maroon"> <small> &emsp; &emsp;--- 24 Jan 15:55:21 040 - Password Element displayed</small> </font> </div>]]>
    </line>
    <line>
      <![CDATA[<div class="test-event"> <font color="maroon"> <small> &emsp; &emsp;--- 24 Jan 15:55:21 241 - Entered value gw97iwyjh in Confirm Password</small> </font> </div>]]>
    </line>
    <line>
      <![CDATA[<div class="test-message">&emsp;Confirm Password: gw97iwyjh selected&emsp;<a href=".\ScreenShot\TC101_20.png" target="_blank" >[ScreenShot]</a></div>]]>
    </line>
    <line>
      <![CDATA[<div class="test-event"> <font color="maroon"> <small> &emsp; &emsp;--- 24 Jan 15:55:21 492 - Webelement dimension: (100, 31)</small> </font> </div>]]>
    </line>
    <line>
      <![CDATA[<div class="test-event"> <font color="maroon"> <small> &emsp; &emsp;--- 24 Jan 15:55:21 543 - Clicked on Save button</small> </font> </div>]]>
    </line>
    <line>
      <![CDATA[<div class="test-event"> <font color="maroon"> <small> &emsp; &emsp;--- 24 Jan 15:55:21 612 - Entered value j2g4r9rg in Password</small> </font> </div>]]>
    </line>
    <line>
      <![CDATA[<div class="test-message">&emsp;Password: j2g4r9rg selected&emsp;<a href=".\ScreenShot\TC102_21.png" target="_blank" >[ScreenShot]</a></div>]]>
    </line>
    <line>
      <![CDATA[<div class="test-event"> <font color="maroon"> <small> &emsp; &emsp;--- 24 Jan 15:55:21 936 - Confirm Password Element displayed</small> </font> </div>]]>
    </line>
    <line>
      <![CDATA[<div class="test-event"> <font color="maroon"> <small> &emsp; &emsp;--- 24 Jan 15:55:22 448 - Entered value j2g4r9rg in Confirm Password</small> </font> </div>]]>
    </line>
    <line>
      <![CDATA[<div class="test-message">&emsp;Confirm Password: j2g4r9rg selected&emsp;<a href=".\ScreenShot\TC102_22.png" target="_blank" >[ScreenShot]</a></div>]]>
    </line>
    <line>
      <![CDATA[<div class="test-event"> <font color="maroon"> <small> &emsp; &emsp;--- 24 Jan 15:55:22 978 - Webelement dimension: (100, 31)</small> </font> </div>]]>
    </line>
    <line>
      <![CDATA[<div class="test-event"> <font color="maroon"> <small> &emsp; &emsp;--- 24 Jan 15:55:23 161 - Clicked on Save button</small> </font> </div>]]>
    </line>
    <line>
      <![CDATA[<div class="test-event"> <font color="maroon"> <small> &emsp; &emsp;--- 24 Jan 15:55:23 472 - [[ChromeDriver: chrome on windows (d0b82a78e69a0ba52cfe404167225df6)] -> css selector: div[class*='oxd-toast--success']] displayed</small> </font> </div>]]>
    </line>
    <line>
      <![CDATA[<div class="test-result"><br><font color="green"><strong> Test Passed. </strong></font> </div>&emsp;]]>
    </line>
    <line>
      <![CDATA[<div class="test-event"> <font color="maroon"> <small> &emsp; &emsp;--- 24 Jan 15:55:23 478 - WebDriver session: ChromeDriver: chrome on windows (d0b82a78e69a0ba52cfe404167225df6)</small> </font> </div>]]>
    </line>
    <line>
      <![CDATA[<div class="test-event"> <font color="maroon"> <small> &emsp; &emsp;--- 24 Jan 15:55:25 054 - [[ChromeDriver: chrome on windows (09f761342cf664b7d51ef8e423be1f43)] -> css selector: div[class*='oxd-toast--success']] displayed</small> </font> </div>]]>
    </line>
    <line>
      <![CDATA[<div class="test-event"> <font color="maroon"> <small> &emsp; &emsp;--- 24 Jan 15:55:25 086 - [[ChromeDriver: chrome on windows (09f761342cf664b7d51ef8e423be1f43)] -> css selector: span[class*='oxd-main-menu-item--name']] displayed</small> </font> </div>]]>
    </line>
    <line>
      <![CDATA[<div class="test-event"> <font color="maroon"> <small> &emsp; &emsp;--- 24 Jan 15:55:25 115 - Admin Element displayed</small> </font> </div>]]>
    </line>
    <line>
      <![CDATA[<div class="test-event"> <font color="maroon"> <small> &emsp; &emsp;--- 24 Jan 15:55:25 144 - Webelement dimension: (56, 19)</small> </font> </div>]]>
    </line>
    <line>
      <![CDATA[<div class="test-event"> <font color="maroon"> <small> &emsp; &emsp;--- 24 Jan 15:55:26 352 - Clicked on Admin</small> </font> </div>]]>
    </line>
    <line>
      <![CDATA[<div class="test-message">&emsp;Main menu : Admin selected&emsp;<a href=".\ScreenShot\TC102_23.png" target="_blank" >[ScreenShot]</a></div>]]>
    </line>
    <line>
      <![CDATA[<div class="test-event"> <font color="maroon"> <small> &emsp; &emsp;--- 24 Jan 15:55:26 570 - Page URL:: https://opensource-demo.orangehrmlive.com/web/index.php/admin/viewsystemusers</small> </font> </div>]]>
    </line>
    <line>
      <![CDATA[<div class="test-event"> <font color="maroon"> <small> &emsp; &emsp;--- 24 Jan 15:55:26 572 - <b>0</b> - Page Load Wait: (Sync) - com.OrangeHRM.utils.WaitUtils.waitForPageLoad(WaitUtils.java:50)</small> </font> </div>]]>
    </line>
    <line>
      <![CDATA[<div class="test-event"> <font color="maroon"> <small> &emsp; &emsp;--- 24 Jan 15:55:26 940 - [[ChromeDriver: chrome on windows (09f761342cf664b7d51ef8e423be1f43)] -> css selector: h5[class*='oxd-table-filter-title']] displayed</small> </font> </div>]]>
    </line>
    <line>
      <![CDATA[<div class="test-event"> <font color="maroon"> <small> &emsp; &emsp;--- 24 Jan 15:55:26 974 - Username Element displayed</small> </font> </div>]]>
    </line>
    <line>
      <![CDATA[<div class="test-event"> <font color="maroon"> <small> &emsp; &emsp;--- 24 Jan 15:55:27 648 - Entered value julian.vonrueden in Username</small> </font> </div>]]>
    </line>
    <line>
      <![CDATA[<div class="test-message">&emsp;Username: julian.vonrueden selected&emsp;<a href=".\ScreenShot\TC102_24.png" target="_blank" >[ScreenShot]</a></div>]]>
    </line>
    <line>
      <![CDATA[<div class="test-event"> <font color="maroon"> <small> &emsp; &emsp;--- 24 Jan 15:55:27 895 - Webelement dimension: (107, 31)</small> </font> </div>]]>
    </line>
    <line>
      <![CDATA[<div class="test-event"> <font color="maroon"> <small> &emsp; &emsp;--- 24 Jan 15:55:27 963 - Clicked on Search button</small> </font> </div>]]>
    </line>
    <line>
      <![CDATA[<div class="test-event"> <font color="maroon"> <small> &emsp; &emsp;--- 24 Jan 15:55:28 545 - Table rows Element displayed</small> </font> </div>]]>
    </line>
    <line>
      <![CDATA[<div class="test-event"> <font color="maroon"> <small> &emsp; &emsp;--- 24 Jan 15:55:28 591 - Table rows elements displayed size: 1</small> </font> </div>]]>
    </line>
    <line>
      <![CDATA[<div class="test-event"> <font color="maroon"> <small> &emsp; &emsp;--- 24 Jan 15:55:28 658 - [[ChromeDriver: chrome on windows (09f761342cf664b7d51ef8e423be1f43)] -> xpath: //span[text()='(1) Record Found']] displayed</small> </font> </div>]]>
    </line>
    <line>
      <![CDATA[<div class="test-event"> <font color="maroon"> <small> &emsp; &emsp;--- 24 Jan 15:55:28 807 - Text value displayed for Employee list column : julian.vonrueden</small> </font> </div>]]>
    </line>
    <line>
      <![CDATA[<div class="test-event"> <font color="maroon"> <small> &emsp; &emsp;--- 24 Jan 15:55:28 889 - Text value displayed for Employee list column : Admin</small> </font> </div>]]>
    </line>
    <line>
      <![CDATA[<div class="test-event"> <font color="maroon"> <small> &emsp; &emsp;--- 24 Jan 15:55:28 981 - Text value displayed for Employee list column : Dave Homenick</small> </font> </div>]]>
    </line>
    <line>
      <![CDATA[<div class="test-event"> <font color="maroon"> <small> &emsp; &emsp;--- 24 Jan 15:55:29 055 - Text value displayed for Employee list column : Enabled</small> </font> </div>]]>
    </line>
    <line>
      <![CDATA[<div class="test-message">&emsp;Given Details is verified successfully&emsp;<a href=".\ScreenShot\TC102_25.png" target="_blank" >[ScreenShot]</a></div>]]>
    </line>
    <line>
      <![CDATA[<div class="test-event"> <font color="maroon"> <small> &emsp; &emsp;--- 24 Jan 15:55:29 374 - Webelement dimension: (36, 36)</small> </font> </div>]]>
    </line>
    <line>
      <![CDATA[<div class="test-event"> <font color="maroon"> <small> &emsp; &emsp;--- 24 Jan 15:55:29 465 - Clicked on Delete icon</small> </font> </div>]]>
    </line>
    <line>
      <![CDATA[<div class="test-event"> <font color="maroon"> <small> &emsp; &emsp;--- 24 Jan 15:55:29 511 - Webelement dimension: (151, 31)</small> </font> </div>]]>
    </line>
    <line>
      <![CDATA[<div class="test-event"> <font color="maroon"> <small> &emsp; &emsp;--- 24 Jan 15:55:29 613 - Clicked on Yes, Delete</small> </font> </div>]]>
    </line>
    <line>
      <![CDATA[<div class="test-message">&emsp;julian.vonrueden Deleted successfully&emsp;<a href=".\ScreenShot\TC102_26.png" target="_blank" >[ScreenShot]</a></div>]]>
    </line>
    <line>
      <![CDATA[<div class="test-event"> <font color="maroon"> <small> &emsp; &emsp;--- 24 Jan 15:55:30 215 - [[ChromeDriver: chrome on windows (09f761342cf664b7d51ef8e423be1f43)] -> css selector: div[class*='oxd-toast--success']] displayed</small> </font> </div>]]>
    </line>
    <line>
      <![CDATA[<div class="test-result"><br><font color="green"><strong> Test Passed. </strong></font> </div>&emsp;]]>
    </line>
    <line>
      <![CDATA[<div class="test-event"> <font color="maroon"> <small> &emsp; &emsp;--- 24 Jan 15:55:30 220 - WebDriver session: ChromeDriver: chrome on windows (09f761342cf664b7d51ef8e423be1f43)</small> </font> </div>]]>
    </line>
  </reporter-output>
  <suite started-at="2024-01-24T15:54:20 IST" name="PC_InlandMarineSuite" finished-at="2024-01-24T15:55:30 IST" duration-ms="69918">
    <groups>
    </groups>
    <test started-at="2024-01-24T15:54:20 IST" name="Report" finished-at="2024-01-24T15:55:30 IST" duration-ms="69918">
      <class name="com.OrangeHRM.testscripts.AdminTestSuite">
        <test-method is-config="true" signature="init(org.testng.ITestContext)[pri:0, instance:com.OrangeHRM.testscripts.AdminTestSuite@6f6962ba]" started-at="2024-01-24T15:54:20 IST" name="init" finished-at="2024-01-24T15:54:20 IST" duration-ms="28" status="PASS">
          <params>
            <param index="0">
              <value>
                <![CDATA[org.testng.TestRunner@38320e34]]>
              </value>
            </param>
          </params>
          <reporter-output>
          </reporter-output>
        </test-method> <!-- init -->
        <test-method signature="TC101()[pri:0, instance:com.OrangeHRM.testscripts.AdminTestSuite@6f6962ba]" started-at="2024-01-24T15:54:36 IST" name="TC101" description="Create a System User(Admin)" finished-at="2024-01-24T15:55:24 IST" duration-ms="47291" status="PASS">
          <params>
            <param index="0">
              <value>
                <![CDATA[chrome]]>
              </value>
            </param>
          </params>
          <reporter-output>
            <line>
              <![CDATA[<div class="test-event"> <font color="maroon"> <small> &emsp; &emsp;--- 24 Jan 15:54:22 113 - TestCaseID:: TC101</small> </font> </div>]]>
            </line>
            <line>
              <![CDATA[<div class="test-event"> <font color="maroon"> <small> &emsp; &emsp;--- 24 Jan 15:54:36 927 - <b>16</b> - Driver::initialize::Get - com.OrangeHRM.utils.WebDriverFactory.getDriver(WebDriverFactory.java:756)</small> </font> </div>]]>
            </line>
            <line>
              <![CDATA[<div class="test-event"> <font color="maroon"> <small> &emsp; &emsp;--- 24 Jan 15:54:36 943 - WebDriver session: ChromeDriver: chrome on windows (d0b82a78e69a0ba52cfe404167225df6)</small> </font> </div>]]>
            </line>
            <line>
              <![CDATA[&emsp;<div class="test-title"> <strong><font size = "3" color = "#000080">Create a System User(Admin)</font> </strong> </div>&emsp;<div><strong>Steps:</strong></div><!-- Report -->&emsp;]]>
            </line>
            <line>
              <![CDATA[<div class="test-event"> <font color="maroon"> <small> &emsp; &emsp;--- 24 Jan 15:54:37 025 - Fetching test data from excel sheet</small> </font> </div>]]>
            </line>
            <line>
              <![CDATA[<div class="test-event"> <font color="maroon"> <small> &emsp; &emsp;--- 24 Jan 15:54:51 901 - Entered value Admin in Username field</small> </font> </div>]]>
            </line>
            <line>
              <![CDATA[<div class="test-event"> <font color="maroon"> <small> &emsp; &emsp;--- 24 Jan 15:54:52 323 - Entered value admin123 in Password field</small> </font> </div>]]>
            </line>
            <line>
              <![CDATA[<div class="test-event"> <font color="maroon"> <small> &emsp; &emsp;--- 24 Jan 15:54:52 358 - Webelement dimension: (419, 46)</small> </font> </div>]]>
            </line>
            <line>
              <![CDATA[<div class="test-event"> <font color="maroon"> <small> &emsp; &emsp;--- 24 Jan 15:54:54 589 - Clicked on Login button</small> </font> </div>]]>
            </line>
            <line>
              <![CDATA[<div class="test-message">&emsp;Login to Application&emsp;<a href=".\ScreenShot\TC101_1.png" target="_blank" >[ScreenShot]</a></div>]]>
            </line>
            <line>
              <![CDATA[<div class="test-event"> <font color="maroon"> <small> &emsp; &emsp;--- 24 Jan 15:54:55 387 - Page URL:: https://opensource-demo.orangehrmlive.com/web/index.php/dashboard/index</small> </font> </div>]]>
            </line>
            <line>
              <![CDATA[<div class="test-event"> <font color="maroon"> <small> &emsp; &emsp;--- 24 Jan 15:54:55 387 - <b>0</b> - Page Load Wait: (Sync) - com.OrangeHRM.utils.WaitUtils.waitForPageLoad(WaitUtils.java:50)</small> </font> </div>]]>
            </line>
            <line>
              <![CDATA[<div class="test-event"> <font color="maroon"> <small> &emsp; &emsp;--- 24 Jan 15:54:55 464 - [[ChromeDriver: chrome on windows (d0b82a78e69a0ba52cfe404167225df6)] -> css selector: p[class*='orangehrm-copyright']] displayed</small> </font> </div>]]>
            </line>
            <line>
              <![CDATA[<div class="test-event"> <font color="maroon"> <small> &emsp; &emsp;--- 24 Jan 15:54:55 535 - [[ChromeDriver: chrome on windows (d0b82a78e69a0ba52cfe404167225df6)] -> css selector: span[class*='oxd-main-menu-item--name']] displayed</small> </font> </div>]]>
            </line>
            <line>
              <![CDATA[<div class="test-event"> <font color="maroon"> <small> &emsp; &emsp;--- 24 Jan 15:54:55 862 - PIM Element displayed</small> </font> </div>]]>
            </line>
            <line>
              <![CDATA[<div class="test-event"> <font color="maroon"> <small> &emsp; &emsp;--- 24 Jan 15:54:55 895 - Webelement dimension: (39, 19)</small> </font> </div>]]>
            </line>
            <line>
              <![CDATA[<div class="test-event"> <font color="maroon"> <small> &emsp; &emsp;--- 24 Jan 15:55:02 970 - Clicked on PIM</small> </font> </div>]]>
            </line>
            <line>
              <![CDATA[<div class="test-message">&emsp;Main menu : PIM selected&emsp;<a href=".\ScreenShot\TC101_3.png" target="_blank" >[ScreenShot]</a></div>]]>
            </line>
            <line>
              <![CDATA[<div class="test-event"> <font color="maroon"> <small> &emsp; &emsp;--- 24 Jan 15:55:03 243 - Page URL:: https://opensource-demo.orangehrmlive.com/web/index.php/pim/viewemployeelist</small> </font> </div>]]>
            </line>
            <line>
              <![CDATA[<div class="test-event"> <font color="maroon"> <small> &emsp; &emsp;--- 24 Jan 15:55:03 244 - <b>0</b> - Page Load Wait: (Sync) - com.OrangeHRM.utils.WaitUtils.waitForPageLoad(WaitUtils.java:50)</small> </font> </div>]]>
            </line>
            <line>
              <![CDATA[<div class="test-event"> <font color="maroon"> <small> &emsp; &emsp;--- 24 Jan 15:55:03 722 - [[ChromeDriver: chrome on windows (d0b82a78e69a0ba52cfe404167225df6)] -> css selector: h6[class*='oxd-topbar-header']] displayed</small> </font> </div>]]>
            </line>
            <line>
              <![CDATA[<div class="test-event"> <font color="maroon"> <small> &emsp; &emsp;--- 24 Jan 15:55:03 772 - Webelement dimension: (109, 31)</small> </font> </div>]]>
            </line>
            <line>
              <![CDATA[<div class="test-event"> <font color="maroon"> <small> &emsp; &emsp;--- 24 Jan 15:55:05 055 - Clicked on Add button</small> </font> </div>]]>
            </line>
            <line>
              <![CDATA[<div class="test-event"> <font color="maroon"> <small> &emsp; &emsp;--- 24 Jan 15:55:06 119 - Entered value Dia in FirstName</small> </font> </div>]]>
            </line>
            <line>
              <![CDATA[<div class="test-event"> <font color="maroon"> <small> &emsp; &emsp;--- 24 Jan 15:55:06 728 - Entered value Zieme in LastName</small> </font> </div>]]>
            </line>
            <line>
              <![CDATA[<div class="test-event"> <font color="maroon"> <small> &emsp; &emsp;--- 24 Jan 15:55:07 550 - Entered value 17 in Employeee Id</small> </font> </div>]]>
            </line>
            <line>
              <![CDATA[<div class="test-event"> <font color="maroon"> <small> &emsp; &emsp;--- 24 Jan 15:55:07 616 - Webelement dimension: (100, 31)</small> </font> </div>]]>
            </line>
            <line>
              <![CDATA[<div class="test-event"> <font color="maroon"> <small> &emsp; &emsp;--- 24 Jan 15:55:07 744 - Clicked on Save button</small> </font> </div>]]>
            </line>
            <line>
              <![CDATA[<div class="test-event"> <font color="maroon"> <small> &emsp; &emsp;--- 24 Jan 15:55:08 828 - [[ChromeDriver: chrome on windows (d0b82a78e69a0ba52cfe404167225df6)] -> css selector: div[class*='oxd-toast--success']] displayed</small> </font> </div>]]>
            </line>
            <line>
              <![CDATA[<div class="test-event"> <font color="maroon"> <small> &emsp; &emsp;--- 24 Jan 15:55:08 872 - [[ChromeDriver: chrome on windows (d0b82a78e69a0ba52cfe404167225df6)] -> css selector: span[class*='oxd-main-menu-item--name']] displayed</small> </font> </div>]]>
            </line>
            <line>
              <![CDATA[<div class="test-event"> <font color="maroon"> <small> &emsp; &emsp;--- 24 Jan 15:55:08 915 - Admin Element displayed</small> </font> </div>]]>
            </line>
            <line>
              <![CDATA[<div class="test-event"> <font color="maroon"> <small> &emsp; &emsp;--- 24 Jan 15:55:08 951 - Webelement dimension: (56, 19)</small> </font> </div>]]>
            </line>
            <line>
              <![CDATA[<div class="test-event"> <font color="maroon"> <small> &emsp; &emsp;--- 24 Jan 15:55:10 064 - Clicked on Admin</small> </font> </div>]]>
            </line>
            <line>
              <![CDATA[<div class="test-message">&emsp;Main menu : Admin selected&emsp;<a href=".\ScreenShot\TC101_5.png" target="_blank" >[ScreenShot]</a></div>]]>
            </line>
            <line>
              <![CDATA[<div class="test-event"> <font color="maroon"> <small> &emsp; &emsp;--- 24 Jan 15:55:10 302 - Page URL:: https://opensource-demo.orangehrmlive.com/web/index.php/admin/viewsystemusers</small> </font> </div>]]>
            </line>
            <line>
              <![CDATA[<div class="test-event"> <font color="maroon"> <small> &emsp; &emsp;--- 24 Jan 15:55:10 303 - <b>0</b> - Page Load Wait: (Sync) - com.OrangeHRM.utils.WaitUtils.waitForPageLoad(WaitUtils.java:50)</small> </font> </div>]]>
            </line>
            <line>
              <![CDATA[<div class="test-event"> <font color="maroon"> <small> &emsp; &emsp;--- 24 Jan 15:55:10 855 - [[ChromeDriver: chrome on windows (d0b82a78e69a0ba52cfe404167225df6)] -> css selector: h5[class*='oxd-table-filter-title']] displayed</small> </font> </div>]]>
            </line>
            <line>
              <![CDATA[<div class="test-event"> <font color="maroon"> <small> &emsp; &emsp;--- 24 Jan 15:55:10 917 - Webelement dimension: (109, 31)</small> </font> </div>]]>
            </line>
            <line>
              <![CDATA[<div class="test-event"> <font color="maroon"> <small> &emsp; &emsp;--- 24 Jan 15:55:11 508 - Clicked on Add button</small> </font> </div>]]>
            </line>
            <line>
              <![CDATA[<div class="test-event"> <font color="maroon"> <small> &emsp; &emsp;--- 24 Jan 15:55:12 124 - User Role Element displayed</small> </font> </div>]]>
            </line>
            <line>
              <![CDATA[<div class="test-event"> <font color="maroon"> <small> &emsp; &emsp;--- 24 Jan 15:55:12 179 - Webelement dimension: (421, 45)</small> </font> </div>]]>
            </line>
            <line>
              <![CDATA[<div class="test-event"> <font color="maroon"> <small> &emsp; &emsp;--- 24 Jan 15:55:12 268 - Clicked on User Role</small> </font> </div>]]>
            </line>
            <line>
              <![CDATA[<div class="test-event"> <font color="maroon"> <small> &emsp; &emsp;--- 24 Jan 15:55:12 329 - Options elements displayed: 2</small> </font> </div>]]>
            </line>
            <line>
              <![CDATA[<div class="test-event"> <font color="maroon"> <small> &emsp; &emsp;--- 24 Jan 15:55:12 364 - Options elements displayed size: 2</small> </font> </div>]]>
            </line>
            <line>
              <![CDATA[<div class="test-event"> <font color="maroon"> <small> &emsp; &emsp;--- 24 Jan 15:55:12 412 - Webelement dimension: (22, 16)</small> </font> </div>]]>
            </line>
            <line>
              <![CDATA[<div class="test-event"> <font color="maroon"> <small> &emsp; &emsp;--- 24 Jan 15:55:12 501 - Clicked on ESS</small> </font> </div>]]>
            </line>
            <line>
              <![CDATA[<div class="test-message">&emsp;User Role: ESS selected&emsp;<a href=".\ScreenShot\TC101_7.png" target="_blank" >[ScreenShot]</a></div>]]>
            </line>
            <line>
              <![CDATA[<div class="test-message">&emsp;User Role: ESS selected&emsp;<a href=".\ScreenShot\TC101_8.png" target="_blank" >[ScreenShot]</a></div>]]>
            </line>
            <line>
              <![CDATA[<div class="test-event"> <font color="maroon"> <small> &emsp; &emsp;--- 24 Jan 15:55:17 707 - Options Element displayed</small> </font> </div>]]>
            </line>
            <line>
              <![CDATA[<div class="test-event"> <font color="maroon"> <small> &emsp; &emsp;--- 24 Jan 15:55:17 729 - Webelement dimension: (412, 35)</small> </font> </div>]]>
            </line>
            <line>
              <![CDATA[<div class="test-event"> <font color="maroon"> <small> &emsp; &emsp;--- 24 Jan 15:55:17 777 - Clicked on Option field</small> </font> </div>]]>
            </line>
            <line>
              <![CDATA[<div class="test-message">&emsp;Employee Name: Dia Zieme selected&emsp;<a href=".\ScreenShot\TC101_11.png" target="_blank" >[ScreenShot]</a></div>]]>
            </line>
            <line>
              <![CDATA[<div class="test-event"> <font color="maroon"> <small> &emsp; &emsp;--- 24 Jan 15:55:18 069 - Status Element displayed</small> </font> </div>]]>
            </line>
            <line>
              <![CDATA[<div class="test-event"> <font color="maroon"> <small> &emsp; &emsp;--- 24 Jan 15:55:18 091 - Webelement dimension: (421, 45)</small> </font> </div>]]>
            </line>
            <line>
              <![CDATA[<div class="test-event"> <font color="maroon"> <small> &emsp; &emsp;--- 24 Jan 15:55:18 137 - Clicked on Status</small> </font> </div>]]>
            </line>
            <line>
              <![CDATA[<div class="test-event"> <font color="maroon"> <small> &emsp; &emsp;--- 24 Jan 15:55:18 164 - Options elements displayed: 2</small> </font> </div>]]>
            </line>
            <line>
              <![CDATA[<div class="test-event"> <font color="maroon"> <small> &emsp; &emsp;--- 24 Jan 15:55:18 186 - Options elements displayed size: 2</small> </font> </div>]]>
            </line>
            <line>
              <![CDATA[<div class="test-event"> <font color="maroon"> <small> &emsp; &emsp;--- 24 Jan 15:55:18 238 - Webelement dimension: (43, 16)</small> </font> </div>]]>
            </line>
            <line>
              <![CDATA[<div class="test-event"> <font color="maroon"> <small> &emsp; &emsp;--- 24 Jan 15:55:18 292 - Clicked on Enabled</small> </font> </div>]]>
            </line>
            <line>
              <![CDATA[<div class="test-message">&emsp;Status: Enabled selected&emsp;<a href=".\ScreenShot\TC101_12.png" target="_blank" >[ScreenShot]</a></div>]]>
            </line>
            <line>
              <![CDATA[<div class="test-message">&emsp;Status: Enabled selected&emsp;<a href=".\ScreenShot\TC101_14.png" target="_blank" >[ScreenShot]</a></div>]]>
            </line>
            <line>
              <![CDATA[<div class="test-event"> <font color="maroon"> <small> &emsp; &emsp;--- 24 Jan 15:55:18 847 - Username Element displayed</small> </font> </div>]]>
            </line>
            <line>
              <![CDATA[<div class="test-event"> <font color="maroon"> <small> &emsp; &emsp;--- 24 Jan 15:55:19 410 - Entered value merrill.lemke in Username</small> </font> </div>]]>
            </line>
            <line>
              <![CDATA[<div class="test-message">&emsp;Username: merrill.lemke selected&emsp;<a href=".\ScreenShot\TC101_16.png" target="_blank" >[ScreenShot]</a></div>]]>
            </line>
            <line>
              <![CDATA[<div class="test-event"> <font color="maroon"> <small> &emsp; &emsp;--- 24 Jan 15:55:19 726 - Password Element displayed</small> </font> </div>]]>
            </line>
            <line>
              <![CDATA[<div class="test-event"> <font color="maroon"> <small> &emsp; &emsp;--- 24 Jan 15:55:20 216 - Entered value gw97iwyjh in Password</small> </font> </div>]]>
            </line>
            <line>
              <![CDATA[<div class="test-message">&emsp;Password: gw97iwyjh selected&emsp;<a href=".\ScreenShot\TC101_18.png" target="_blank" >[ScreenShot]</a></div>]]>
            </line>
            <line>
              <![CDATA[<div class="test-event"> <font color="maroon"> <small> &emsp; &emsp;--- 24 Jan 15:55:20 736 - Confirm Password Element displayed</small> </font> </div>]]>
            </line>
            <line>
              <![CDATA[<div class="test-event"> <font color="maroon"> <small> &emsp; &emsp;--- 24 Jan 15:55:21 241 - Entered value gw97iwyjh in Confirm Password</small> </font> </div>]]>
            </line>
            <line>
              <![CDATA[<div class="test-message">&emsp;Confirm Password: gw97iwyjh selected&emsp;<a href=".\ScreenShot\TC101_20.png" target="_blank" >[ScreenShot]</a></div>]]>
            </line>
            <line>
              <![CDATA[<div class="test-event"> <font color="maroon"> <small> &emsp; &emsp;--- 24 Jan 15:55:21 492 - Webelement dimension: (100, 31)</small> </font> </div>]]>
            </line>
            <line>
              <![CDATA[<div class="test-event"> <font color="maroon"> <small> &emsp; &emsp;--- 24 Jan 15:55:21 543 - Clicked on Save button</small> </font> </div>]]>
            </line>
            <line>
              <![CDATA[<div class="test-event"> <font color="maroon"> <small> &emsp; &emsp;--- 24 Jan 15:55:23 472 - [[ChromeDriver: chrome on windows (d0b82a78e69a0ba52cfe404167225df6)] -> css selector: div[class*='oxd-toast--success']] displayed</small> </font> </div>]]>
            </line>
            <line>
              <![CDATA[<div class="test-result"><br><font color="green"><strong> Test Passed. </strong></font> </div>&emsp;]]>
            </line>
            <line>
              <![CDATA[<div class="test-event"> <font color="maroon"> <small> &emsp; &emsp;--- 24 Jan 15:55:23 478 - WebDriver session: ChromeDriver: chrome on windows (d0b82a78e69a0ba52cfe404167225df6)</small> </font> </div>]]>
            </line>
          </reporter-output>
        </test-method> <!-- TC101 -->
        <test-method signature="TC102()[pri:0, instance:com.OrangeHRM.testscripts.AdminTestSuite@6f6962ba]" started-at="2024-01-24T15:54:37 IST" name="TC102" description="Verify and Delete user(Admin)" finished-at="2024-01-24T15:55:30 IST" duration-ms="53439" status="PASS">
          <params>
            <param index="0">
              <value>
                <![CDATA[chrome]]>
              </value>
            </param>
          </params>
          <reporter-output>
            <line>
              <![CDATA[<div class="test-event"> <font color="maroon"> <small> &emsp; &emsp;--- 24 Jan 15:54:22 158 - TestCaseID:: TC102</small> </font> </div>]]>
            </line>
            <line>
              <![CDATA[<div class="test-event"> <font color="maroon"> <small> &emsp; &emsp;--- 24 Jan 15:54:37 161 - <b>16</b> - Driver::initialize::Get - com.OrangeHRM.utils.WebDriverFactory.getDriver(WebDriverFactory.java:756)</small> </font> </div>]]>
            </line>
            <line>
              <![CDATA[<div class="test-event"> <font color="maroon"> <small> &emsp; &emsp;--- 24 Jan 15:54:37 163 - WebDriver session: ChromeDriver: chrome on windows (09f761342cf664b7d51ef8e423be1f43)</small> </font> </div>]]>
            </line>
            <line>
              <![CDATA[&emsp;<div class="test-title"> <strong><font size = "3" color = "#000080">Verify and Delete user(Admin)</font> </strong> </div>&emsp;<div><strong>Steps:</strong></div><!-- Report -->&emsp;]]>
            </line>
            <line>
              <![CDATA[<div class="test-event"> <font color="maroon"> <small> &emsp; &emsp;--- 24 Jan 15:54:37 167 - Fetching test data from excel sheet</small> </font> </div>]]>
            </line>
            <line>
              <![CDATA[<div class="test-event"> <font color="maroon"> <small> &emsp; &emsp;--- 24 Jan 15:54:54 702 - Entered value Admin in Username field</small> </font> </div>]]>
            </line>
            <line>
              <![CDATA[<div class="test-event"> <font color="maroon"> <small> &emsp; &emsp;--- 24 Jan 15:54:56 046 - Entered value admin123 in Password field</small> </font> </div>]]>
            </line>
            <line>
              <![CDATA[<div class="test-event"> <font color="maroon"> <small> &emsp; &emsp;--- 24 Jan 15:54:56 105 - Webelement dimension: (419, 46)</small> </font> </div>]]>
            </line>
            <line>
              <![CDATA[<div class="test-event"> <font color="maroon"> <small> &emsp; &emsp;--- 24 Jan 15:54:58 502 - Clicked on Login button</small> </font> </div>]]>
            </line>
            <line>
              <![CDATA[<div class="test-message">&emsp;Login to Application&emsp;<a href=".\ScreenShot\TC102_2.png" target="_blank" >[ScreenShot]</a></div>]]>
            </line>
            <line>
              <![CDATA[<div class="test-event"> <font color="maroon"> <small> &emsp; &emsp;--- 24 Jan 15:55:00 867 - Page URL:: https://opensource-demo.orangehrmlive.com/web/index.php/dashboard/index</small> </font> </div>]]>
            </line>
            <line>
              <![CDATA[<div class="test-event"> <font color="maroon"> <small> &emsp; &emsp;--- 24 Jan 15:55:00 867 - <b>0</b> - Page Load Wait: (Sync) - com.OrangeHRM.utils.WaitUtils.waitForPageLoad(WaitUtils.java:50)</small> </font> </div>]]>
            </line>
            <line>
              <![CDATA[<div class="test-event"> <font color="maroon"> <small> &emsp; &emsp;--- 24 Jan 15:55:01 180 - [[ChromeDriver: chrome on windows (09f761342cf664b7d51ef8e423be1f43)] -> css selector: p[class*='orangehrm-copyright']] displayed</small> </font> </div>]]>
            </line>
            <line>
              <![CDATA[<div class="test-event"> <font color="maroon"> <small> &emsp; &emsp;--- 24 Jan 15:55:01 274 - [[ChromeDriver: chrome on windows (09f761342cf664b7d51ef8e423be1f43)] -> css selector: span[class*='oxd-main-menu-item--name']] displayed</small> </font> </div>]]>
            </line>
            <line>
              <![CDATA[<div class="test-event"> <font color="maroon"> <small> &emsp; &emsp;--- 24 Jan 15:55:01 362 - PIM Element displayed</small> </font> </div>]]>
            </line>
            <line>
              <![CDATA[<div class="test-event"> <font color="maroon"> <small> &emsp; &emsp;--- 24 Jan 15:55:01 416 - Webelement dimension: (39, 19)</small> </font> </div>]]>
            </line>
            <line>
              <![CDATA[<div class="test-event"> <font color="maroon"> <small> &emsp; &emsp;--- 24 Jan 15:55:03 195 - Clicked on PIM</small> </font> </div>]]>
            </line>
            <line>
              <![CDATA[<div class="test-message">&emsp;Main menu : PIM selected&emsp;<a href=".\ScreenShot\TC102_4.png" target="_blank" >[ScreenShot]</a></div>]]>
            </line>
            <line>
              <![CDATA[<div class="test-event"> <font color="maroon"> <small> &emsp; &emsp;--- 24 Jan 15:55:03 815 - Page URL:: https://opensource-demo.orangehrmlive.com/web/index.php/pim/viewemployeelist</small> </font> </div>]]>
            </line>
            <line>
              <![CDATA[<div class="test-event"> <font color="maroon"> <small> &emsp; &emsp;--- 24 Jan 15:55:03 816 - <b>0</b> - Page Load Wait: (Sync) - com.OrangeHRM.utils.WaitUtils.waitForPageLoad(WaitUtils.java:50)</small> </font> </div>]]>
            </line>
            <line>
              <![CDATA[<div class="test-event"> <font color="maroon"> <small> &emsp; &emsp;--- 24 Jan 15:55:03 868 - [[ChromeDriver: chrome on windows (09f761342cf664b7d51ef8e423be1f43)] -> css selector: h6[class*='oxd-topbar-header']] displayed</small> </font> </div>]]>
            </line>
            <line>
              <![CDATA[<div class="test-event"> <font color="maroon"> <small> &emsp; &emsp;--- 24 Jan 15:55:04 090 - Webelement dimension: (109, 30)</small> </font> </div>]]>
            </line>
            <line>
              <![CDATA[<div class="test-event"> <font color="maroon"> <small> &emsp; &emsp;--- 24 Jan 15:55:05 328 - Clicked on Add button</small> </font> </div>]]>
            </line>
            <line>
              <![CDATA[<div class="test-event"> <font color="maroon"> <small> &emsp; &emsp;--- 24 Jan 15:55:06 498 - Entered value Dave in FirstName</small> </font> </div>]]>
            </line>
            <line>
              <![CDATA[<div class="test-event"> <font color="maroon"> <small> &emsp; &emsp;--- 24 Jan 15:55:07 828 - Entered value Homenick in LastName</small> </font> </div>]]>
            </line>
            <line>
              <![CDATA[<div class="test-event"> <font color="maroon"> <small> &emsp; &emsp;--- 24 Jan 15:55:08 522 - Entered value 7 in Employeee Id</small> </font> </div>]]>
            </line>
            <line>
              <![CDATA[<div class="test-event"> <font color="maroon"> <small> &emsp; &emsp;--- 24 Jan 15:55:08 567 - Webelement dimension: (100, 31)</small> </font> </div>]]>
            </line>
            <line>
              <![CDATA[<div class="test-event"> <font color="maroon"> <small> &emsp; &emsp;--- 24 Jan 15:55:08 682 - Clicked on Save button</small> </font> </div>]]>
            </line>
            <line>
              <![CDATA[<div class="test-event"> <font color="maroon"> <small> &emsp; &emsp;--- 24 Jan 15:55:09 502 - [[ChromeDriver: chrome on windows (09f761342cf664b7d51ef8e423be1f43)] -> css selector: div[class*='oxd-toast--success']] displayed</small> </font> </div>]]>
            </line>
            <line>
              <![CDATA[<div class="test-event"> <font color="maroon"> <small> &emsp; &emsp;--- 24 Jan 15:55:09 580 - [[ChromeDriver: chrome on windows (09f761342cf664b7d51ef8e423be1f43)] -> css selector: span[class*='oxd-main-menu-item--name']] displayed</small> </font> </div>]]>
            </line>
            <line>
              <![CDATA[<div class="test-event"> <font color="maroon"> <small> &emsp; &emsp;--- 24 Jan 15:55:09 666 - Admin Element displayed</small> </font> </div>]]>
            </line>
            <line>
              <![CDATA[<div class="test-event"> <font color="maroon"> <small> &emsp; &emsp;--- 24 Jan 15:55:09 728 - Webelement dimension: (56, 19)</small> </font> </div>]]>
            </line>
            <line>
              <![CDATA[<div class="test-event"> <font color="maroon"> <small> &emsp; &emsp;--- 24 Jan 15:55:10 891 - Clicked on Admin</small> </font> </div>]]>
            </line>
            <line>
              <![CDATA[<div class="test-message">&emsp;Main menu : Admin selected&emsp;<a href=".\ScreenShot\TC102_6.png" target="_blank" >[ScreenShot]</a></div>]]>
            </line>
            <line>
              <![CDATA[<div class="test-event"> <font color="maroon"> <small> &emsp; &emsp;--- 24 Jan 15:55:11 135 - Page URL:: https://opensource-demo.orangehrmlive.com/web/index.php/admin/viewsystemusers</small> </font> </div>]]>
            </line>
            <line>
              <![CDATA[<div class="test-event"> <font color="maroon"> <small> &emsp; &emsp;--- 24 Jan 15:55:11 135 - <b>0</b> - Page Load Wait: (Sync) - com.OrangeHRM.utils.WaitUtils.waitForPageLoad(WaitUtils.java:50)</small> </font> </div>]]>
            </line>
            <line>
              <![CDATA[<div class="test-event"> <font color="maroon"> <small> &emsp; &emsp;--- 24 Jan 15:55:11 572 - [[ChromeDriver: chrome on windows (09f761342cf664b7d51ef8e423be1f43)] -> css selector: h5[class*='oxd-table-filter-title']] displayed</small> </font> </div>]]>
            </line>
            <line>
              <![CDATA[<div class="test-event"> <font color="maroon"> <small> &emsp; &emsp;--- 24 Jan 15:55:11 606 - Webelement dimension: (109, 30)</small> </font> </div>]]>
            </line>
            <line>
              <![CDATA[<div class="test-event"> <font color="maroon"> <small> &emsp; &emsp;--- 24 Jan 15:55:12 227 - Clicked on Add button</small> </font> </div>]]>
            </line>
            <line>
              <![CDATA[<div class="test-event"> <font color="maroon"> <small> &emsp; &emsp;--- 24 Jan 15:55:12 842 - User Role Element displayed</small> </font> </div>]]>
            </line>
            <line>
              <![CDATA[<div class="test-event"> <font color="maroon"> <small> &emsp; &emsp;--- 24 Jan 15:55:12 870 - Webelement dimension: (421, 45)</small> </font> </div>]]>
            </line>
            <line>
              <![CDATA[<div class="test-event"> <font color="maroon"> <small> &emsp; &emsp;--- 24 Jan 15:55:12 922 - Clicked on User Role</small> </font> </div>]]>
            </line>
            <line>
              <![CDATA[<div class="test-event"> <font color="maroon"> <small> &emsp; &emsp;--- 24 Jan 15:55:12 993 - Options elements displayed: 2</small> </font> </div>]]>
            </line>
            <line>
              <![CDATA[<div class="test-event"> <font color="maroon"> <small> &emsp; &emsp;--- 24 Jan 15:55:13 032 - Options elements displayed size: 2</small> </font> </div>]]>
            </line>
            <line>
              <![CDATA[<div class="test-event"> <font color="maroon"> <small> &emsp; &emsp;--- 24 Jan 15:55:13 074 - Webelement dimension: (36, 16)</small> </font> </div>]]>
            </line>
            <line>
              <![CDATA[<div class="test-event"> <font color="maroon"> <small> &emsp; &emsp;--- 24 Jan 15:55:13 166 - Clicked on Admin</small> </font> </div>]]>
            </line>
            <line>
              <![CDATA[<div class="test-message">&emsp;User Role: Admin selected&emsp;<a href=".\ScreenShot\TC102_9.png" target="_blank" >[ScreenShot]</a></div>]]>
            </line>
            <line>
              <![CDATA[<div class="test-message">&emsp;User Role: Admin selected&emsp;<a href=".\ScreenShot\TC102_10.png" target="_blank" >[ScreenShot]</a></div>]]>
            </line>
            <line>
              <![CDATA[<div class="test-event"> <font color="maroon"> <small> &emsp; &emsp;--- 24 Jan 15:55:18 405 - Options Element displayed</small> </font> </div>]]>
            </line>
            <line>
              <![CDATA[<div class="test-event"> <font color="maroon"> <small> &emsp; &emsp;--- 24 Jan 15:55:18 426 - Webelement dimension: (412, 35)</small> </font> </div>]]>
            </line>
            <line>
              <![CDATA[<div class="test-event"> <font color="maroon"> <small> &emsp; &emsp;--- 24 Jan 15:55:18 487 - Clicked on Option field</small> </font> </div>]]>
            </line>
            <line>
              <![CDATA[<div class="test-message">&emsp;Employee Name: Dave Homenick selected&emsp;<a href=".\ScreenShot\TC102_13.png" target="_blank" >[ScreenShot]</a></div>]]>
            </line>
            <line>
              <![CDATA[<div class="test-event"> <font color="maroon"> <small> &emsp; &emsp;--- 24 Jan 15:55:18 826 - Status Element displayed</small> </font> </div>]]>
            </line>
            <line>
              <![CDATA[<div class="test-event"> <font color="maroon"> <small> &emsp; &emsp;--- 24 Jan 15:55:18 859 - Webelement dimension: (421, 45)</small> </font> </div>]]>
            </line>
            <line>
              <![CDATA[<div class="test-event"> <font color="maroon"> <small> &emsp; &emsp;--- 24 Jan 15:55:18 931 - Clicked on Status</small> </font> </div>]]>
            </line>
            <line>
              <![CDATA[<div class="test-event"> <font color="maroon"> <small> &emsp; &emsp;--- 24 Jan 15:55:18 977 - Options elements displayed: 2</small> </font> </div>]]>
            </line>
            <line>
              <![CDATA[<div class="test-event"> <font color="maroon"> <small> &emsp; &emsp;--- 24 Jan 15:55:19 087 - Options elements displayed size: 2</small> </font> </div>]]>
            </line>
            <line>
              <![CDATA[<div class="test-event"> <font color="maroon"> <small> &emsp; &emsp;--- 24 Jan 15:55:19 155 - Webelement dimension: (43, 16)</small> </font> </div>]]>
            </line>
            <line>
              <![CDATA[<div class="test-event"> <font color="maroon"> <small> &emsp; &emsp;--- 24 Jan 15:55:19 238 - Clicked on Enabled</small> </font> </div>]]>
            </line>
            <line>
              <![CDATA[<div class="test-message">&emsp;Status: Enabled selected&emsp;<a href=".\ScreenShot\TC102_15.png" target="_blank" >[ScreenShot]</a></div>]]>
            </line>
            <line>
              <![CDATA[<div class="test-message">&emsp;Status: Enabled selected&emsp;<a href=".\ScreenShot\TC102_17.png" target="_blank" >[ScreenShot]</a></div>]]>
            </line>
            <line>
              <![CDATA[<div class="test-event"> <font color="maroon"> <small> &emsp; &emsp;--- 24 Jan 15:55:20 048 - Username Element displayed</small> </font> </div>]]>
            </line>
            <line>
              <![CDATA[<div class="test-event"> <font color="maroon"> <small> &emsp; &emsp;--- 24 Jan 15:55:20 625 - Entered value julian.vonrueden in Username</small> </font> </div>]]>
            </line>
            <line>
              <![CDATA[<div class="test-message">&emsp;Username: julian.vonrueden selected&emsp;<a href=".\ScreenShot\TC102_19.png" target="_blank" >[ScreenShot]</a></div>]]>
            </line>
            <line>
              <![CDATA[<div class="test-event"> <font color="maroon"> <small> &emsp; &emsp;--- 24 Jan 15:55:21 040 - Password Element displayed</small> </font> </div>]]>
            </line>
            <line>
              <![CDATA[<div class="test-event"> <font color="maroon"> <small> &emsp; &emsp;--- 24 Jan 15:55:21 612 - Entered value j2g4r9rg in Password</small> </font> </div>]]>
            </line>
            <line>
              <![CDATA[<div class="test-message">&emsp;Password: j2g4r9rg selected&emsp;<a href=".\ScreenShot\TC102_21.png" target="_blank" >[ScreenShot]</a></div>]]>
            </line>
            <line>
              <![CDATA[<div class="test-event"> <font color="maroon"> <small> &emsp; &emsp;--- 24 Jan 15:55:21 936 - Confirm Password Element displayed</small> </font> </div>]]>
            </line>
            <line>
              <![CDATA[<div class="test-event"> <font color="maroon"> <small> &emsp; &emsp;--- 24 Jan 15:55:22 448 - Entered value j2g4r9rg in Confirm Password</small> </font> </div>]]>
            </line>
            <line>
              <![CDATA[<div class="test-message">&emsp;Confirm Password: j2g4r9rg selected&emsp;<a href=".\ScreenShot\TC102_22.png" target="_blank" >[ScreenShot]</a></div>]]>
            </line>
            <line>
              <![CDATA[<div class="test-event"> <font color="maroon"> <small> &emsp; &emsp;--- 24 Jan 15:55:22 978 - Webelement dimension: (100, 31)</small> </font> </div>]]>
            </line>
            <line>
              <![CDATA[<div class="test-event"> <font color="maroon"> <small> &emsp; &emsp;--- 24 Jan 15:55:23 161 - Clicked on Save button</small> </font> </div>]]>
            </line>
            <line>
              <![CDATA[<div class="test-event"> <font color="maroon"> <small> &emsp; &emsp;--- 24 Jan 15:55:25 054 - [[ChromeDriver: chrome on windows (09f761342cf664b7d51ef8e423be1f43)] -> css selector: div[class*='oxd-toast--success']] displayed</small> </font> </div>]]>
            </line>
            <line>
              <![CDATA[<div class="test-event"> <font color="maroon"> <small> &emsp; &emsp;--- 24 Jan 15:55:25 086 - [[ChromeDriver: chrome on windows (09f761342cf664b7d51ef8e423be1f43)] -> css selector: span[class*='oxd-main-menu-item--name']] displayed</small> </font> </div>]]>
            </line>
            <line>
              <![CDATA[<div class="test-event"> <font color="maroon"> <small> &emsp; &emsp;--- 24 Jan 15:55:25 115 - Admin Element displayed</small> </font> </div>]]>
            </line>
            <line>
              <![CDATA[<div class="test-event"> <font color="maroon"> <small> &emsp; &emsp;--- 24 Jan 15:55:25 144 - Webelement dimension: (56, 19)</small> </font> </div>]]>
            </line>
            <line>
              <![CDATA[<div class="test-event"> <font color="maroon"> <small> &emsp; &emsp;--- 24 Jan 15:55:26 352 - Clicked on Admin</small> </font> </div>]]>
            </line>
            <line>
              <![CDATA[<div class="test-message">&emsp;Main menu : Admin selected&emsp;<a href=".\ScreenShot\TC102_23.png" target="_blank" >[ScreenShot]</a></div>]]>
            </line>
            <line>
              <![CDATA[<div class="test-event"> <font color="maroon"> <small> &emsp; &emsp;--- 24 Jan 15:55:26 570 - Page URL:: https://opensource-demo.orangehrmlive.com/web/index.php/admin/viewsystemusers</small> </font> </div>]]>
            </line>
            <line>
              <![CDATA[<div class="test-event"> <font color="maroon"> <small> &emsp; &emsp;--- 24 Jan 15:55:26 572 - <b>0</b> - Page Load Wait: (Sync) - com.OrangeHRM.utils.WaitUtils.waitForPageLoad(WaitUtils.java:50)</small> </font> </div>]]>
            </line>
            <line>
              <![CDATA[<div class="test-event"> <font color="maroon"> <small> &emsp; &emsp;--- 24 Jan 15:55:26 940 - [[ChromeDriver: chrome on windows (09f761342cf664b7d51ef8e423be1f43)] -> css selector: h5[class*='oxd-table-filter-title']] displayed</small> </font> </div>]]>
            </line>
            <line>
              <![CDATA[<div class="test-event"> <font color="maroon"> <small> &emsp; &emsp;--- 24 Jan 15:55:26 974 - Username Element displayed</small> </font> </div>]]>
            </line>
            <line>
              <![CDATA[<div class="test-event"> <font color="maroon"> <small> &emsp; &emsp;--- 24 Jan 15:55:27 648 - Entered value julian.vonrueden in Username</small> </font> </div>]]>
            </line>
            <line>
              <![CDATA[<div class="test-message">&emsp;Username: julian.vonrueden selected&emsp;<a href=".\ScreenShot\TC102_24.png" target="_blank" >[ScreenShot]</a></div>]]>
            </line>
            <line>
              <![CDATA[<div class="test-event"> <font color="maroon"> <small> &emsp; &emsp;--- 24 Jan 15:55:27 895 - Webelement dimension: (107, 31)</small> </font> </div>]]>
            </line>
            <line>
              <![CDATA[<div class="test-event"> <font color="maroon"> <small> &emsp; &emsp;--- 24 Jan 15:55:27 963 - Clicked on Search button</small> </font> </div>]]>
            </line>
            <line>
              <![CDATA[<div class="test-event"> <font color="maroon"> <small> &emsp; &emsp;--- 24 Jan 15:55:28 545 - Table rows Element displayed</small> </font> </div>]]>
            </line>
            <line>
              <![CDATA[<div class="test-event"> <font color="maroon"> <small> &emsp; &emsp;--- 24 Jan 15:55:28 591 - Table rows elements displayed size: 1</small> </font> </div>]]>
            </line>
            <line>
              <![CDATA[<div class="test-event"> <font color="maroon"> <small> &emsp; &emsp;--- 24 Jan 15:55:28 658 - [[ChromeDriver: chrome on windows (09f761342cf664b7d51ef8e423be1f43)] -> xpath: //span[text()='(1) Record Found']] displayed</small> </font> </div>]]>
            </line>
            <line>
              <![CDATA[<div class="test-event"> <font color="maroon"> <small> &emsp; &emsp;--- 24 Jan 15:55:28 807 - Text value displayed for Employee list column : julian.vonrueden</small> </font> </div>]]>
            </line>
            <line>
              <![CDATA[<div class="test-event"> <font color="maroon"> <small> &emsp; &emsp;--- 24 Jan 15:55:28 889 - Text value displayed for Employee list column : Admin</small> </font> </div>]]>
            </line>
            <line>
              <![CDATA[<div class="test-event"> <font color="maroon"> <small> &emsp; &emsp;--- 24 Jan 15:55:28 981 - Text value displayed for Employee list column : Dave Homenick</small> </font> </div>]]>
            </line>
            <line>
              <![CDATA[<div class="test-event"> <font color="maroon"> <small> &emsp; &emsp;--- 24 Jan 15:55:29 055 - Text value displayed for Employee list column : Enabled</small> </font> </div>]]>
            </line>
            <line>
              <![CDATA[<div class="test-message">&emsp;Given Details is verified successfully&emsp;<a href=".\ScreenShot\TC102_25.png" target="_blank" >[ScreenShot]</a></div>]]>
            </line>
            <line>
              <![CDATA[<div class="test-event"> <font color="maroon"> <small> &emsp; &emsp;--- 24 Jan 15:55:29 374 - Webelement dimension: (36, 36)</small> </font> </div>]]>
            </line>
            <line>
              <![CDATA[<div class="test-event"> <font color="maroon"> <small> &emsp; &emsp;--- 24 Jan 15:55:29 465 - Clicked on Delete icon</small> </font> </div>]]>
            </line>
            <line>
              <![CDATA[<div class="test-event"> <font color="maroon"> <small> &emsp; &emsp;--- 24 Jan 15:55:29 511 - Webelement dimension: (151, 31)</small> </font> </div>]]>
            </line>
            <line>
              <![CDATA[<div class="test-event"> <font color="maroon"> <small> &emsp; &emsp;--- 24 Jan 15:55:29 613 - Clicked on Yes, Delete</small> </font> </div>]]>
            </line>
            <line>
              <![CDATA[<div class="test-message">&emsp;julian.vonrueden Deleted successfully&emsp;<a href=".\ScreenShot\TC102_26.png" target="_blank" >[ScreenShot]</a></div>]]>
            </line>
            <line>
              <![CDATA[<div class="test-event"> <font color="maroon"> <small> &emsp; &emsp;--- 24 Jan 15:55:30 215 - [[ChromeDriver: chrome on windows (09f761342cf664b7d51ef8e423be1f43)] -> css selector: div[class*='oxd-toast--success']] displayed</small> </font> </div>]]>
            </line>
            <line>
              <![CDATA[<div class="test-result"><br><font color="green"><strong> Test Passed. </strong></font> </div>&emsp;]]>
            </line>
            <line>
              <![CDATA[<div class="test-event"> <font color="maroon"> <small> &emsp; &emsp;--- 24 Jan 15:55:30 220 - WebDriver session: ChromeDriver: chrome on windows (09f761342cf664b7d51ef8e423be1f43)</small> </font> </div>]]>
            </line>
          </reporter-output>
        </test-method> <!-- TC102 -->
      </class> <!-- com.OrangeHRM.testscripts.AdminTestSuite -->
    </test> <!-- Report -->
  </suite> <!-- PC_InlandMarineSuite -->
</testng-results>
